04/25/2018 13:01:04 INICIANDO...
04/25/2018 13:01:04 1.17.2.1
04/25/2018 13:01:04 Usuário: rafael.oliveira(Administrador)
04/25/2018 13:01:04 Versão do Sistema Operacional: 6.2.9200
04/25/2018 13:01:04 64 Bits: true
04/25/2018 13:01:04  59.0.2.6656 ( 59.0 )
04/25/2018 13:01:04 UAC: Ativado
04/25/2018 13:01:04 Verificando se Mozilla Firefox está instalado...
04/25/2018 13:01:04 Mozilla Firefox instalado.
04/25/2018 13:01:04 [Passo 1: Ajustando ambiente] Verificando...
04/25/2018 13:01:04 [Passo 1: Ajustando ambiente] 
04/25/2018 13:01:04 [Passo 1: Ajustando ambiente] Ok.
04/25/2018 13:01:04 [Passo 2: Verificando instalações anteriores] Verificando...
04/25/2018 13:01:04 [Passo 2: Verificando instalações anteriores] Ok.
04/25/2018 13:01:04 [Passo 3.1: Preparando navegador Firefox] Verificando...
04/25/2018 13:01:04 [Passo 3.1: Preparando navegador Firefox] Ok.
04/25/2018 13:01:04 [Passo 3.2: Instalando módulo de segurança] Verificando...
04/25/2018 13:01:04 [Passo 3.2: Instalando módulo de segurança] Efetuando download do instalador...
04/25/2018 13:01:21 [Passo 3.2: Instalando módulo de segurança] Instalando...
04/25/2018 13:01:28 [Passo 3.2: Instalando módulo de segurança] Ok.
04/25/2018 13:01:28 [Passo 3.3: Preparando módulo de segurança] Verificando...
04/25/2018 13:01:28 [Passo 3.3: Preparando módulo de segurança] Ok.
04/25/2018 13:01:28 [Passo 3.4: Finalizando a instalação] Verificando...
04/25/2018 13:01:28 [Passo 3.4: Finalizando a instalação] Ok.
04/25/2018 13:01:28 [Passo 3.5: Validando a instalação] Verificando...
04/25/2018 13:01:31 [Passo 3.5: Validando a instalação] Instalando...
04/25/2018 13:01:37 [Passo 3.5: Validando a instalação] Ok.
04/25/2018 13:01:37 CONCLUÍDO.
